<?xml version="1.0" encoding="UTF-8"?>
<coverage generated="1594807164082" clover="3.2.0">
  <project timestamp="1594807164083" name="All files">
    <metrics statements="17" coveredstatements="17" conditionals="6" coveredconditionals="6" methods="7" coveredmethods="7" elements="30" coveredelements="30" complexity="0" loc="17" ncloc="17" packages="1" files="5" classes="5"/>
    <file name="app-header.component.vue" path="C:\Users\MACHITTA\Desktop\vue-test\src\components\app-header.component.vue">
      <metrics statements="3" coveredstatements="3" conditionals="2" coveredconditionals="2" methods="2" coveredmethods="2"/>
      <line num="11" count="1" type="stmt"/>
      <line num="17" count="2" type="cond" truecount="2" falsecount="0"/>
      <line num="22" count="1" type="stmt"/>
    </file>
    <file name="search.component.vue" path="C:\Users\MACHITTA\Desktop\vue-test\src\components\search.component.vue">
      <metrics statements="5" coveredstatements="5" conditionals="2" coveredconditionals="2" methods="2" coveredmethods="2"/>
      <line num="12" count="3" type="stmt"/>
      <line num="19" count="2" type="cond" truecount="2" falsecount="0"/>
      <line num="20" count="1" type="stmt"/>
      <line num="21" count="1" type="stmt"/>
      <line num="23" count="1" type="stmt"/>
    </file>
    <file name="show-details.component.vue" path="C:\Users\MACHITTA\Desktop\vue-test\src\components\show-details.component.vue">
      <metrics statements="5" coveredstatements="5" conditionals="2" coveredconditionals="2" methods="1" coveredmethods="1"/>
      <line num="33" count="1" type="stmt"/>
      <line num="39" count="2" type="stmt"/>
      <line num="41" count="2" type="cond" truecount="2" falsecount="0"/>
      <line num="42" count="1" type="stmt"/>
      <line num="44" count="2" type="stmt"/>
    </file>
    <file name="show.component.vue" path="C:\Users\MACHITTA\Desktop\vue-test\src\components\show.component.vue">
      <metrics statements="1" coveredstatements="1" conditionals="0" coveredconditionals="0" methods="1" coveredmethods="1"/>
      <line num="19" count="1" type="stmt"/>
    </file>
    <file name="shows.component.vue" path="C:\Users\MACHITTA\Desktop\vue-test\src\components\shows.component.vue">
      <metrics statements="3" coveredstatements="3" conditionals="0" coveredconditionals="0" methods="1" coveredmethods="1"/>
      <line num="14" count="1" type="stmt"/>
      <line num="15" count="1" type="stmt"/>
      <line num="22" count="2" type="stmt"/>
    </file>
  </project>
</coverage>
