<?xml version="1.0" encoding="UTF-8"?>
<coverage generated="1594907516417" clover="3.2.0">
  <project timestamp="1594907516418" name="All files">
    <metrics statements="20" coveredstatements="17" conditionals="6" coveredconditionals="2" methods="8" coveredmethods="7" elements="34" coveredelements="26" complexity="0" loc="20" ncloc="20" packages="2" files="6" classes="6"/>
    <package name="components">
      <metrics statements="17" coveredstatements="17" conditionals="2" coveredconditionals="2" methods="7" coveredmethods="7"/>
      <file name="app-header.component.vue" path="C:\Users\MACHITTA\Desktop\vue-test\src\components\app-header.component.vue">
        <metrics statements="3" coveredstatements="3" conditionals="0" coveredconditionals="0" methods="1" coveredmethods="1"/>
        <line num="11" count="1" type="stmt"/>
        <line num="17" count="1" type="stmt"/>
        <line num="18" count="1" type="stmt"/>
      </file>
      <file name="search.component.vue" path="C:\Users\MACHITTA\Desktop\vue-test\src\components\search.component.vue">
        <metrics statements="5" coveredstatements="5" conditionals="2" coveredconditionals="2" methods="2" coveredmethods="2"/>
        <line num="12" count="3" type="stmt"/>
        <line num="19" count="2" type="cond" truecount="2" falsecount="0"/>
        <line num="20" count="1" type="stmt"/>
        <line num="21" count="1" type="stmt"/>
        <line num="23" count="1" type="stmt"/>
      </file>
      <file name="show-details.component.vue" path="C:\Users\MACHITTA\Desktop\vue-test\src\components\show-details.component.vue">
        <metrics statements="4" coveredstatements="4" conditionals="0" coveredconditionals="0" methods="2" coveredmethods="2"/>
        <line num="36" count="1" type="stmt"/>
        <line num="37" count="1" type="stmt"/>
        <line num="44" count="2" type="stmt"/>
        <line num="49" count="2" type="stmt"/>
      </file>
      <file name="show.component.vue" path="C:\Users\MACHITTA\Desktop\vue-test\src\components\show.component.vue">
        <metrics statements="2" coveredstatements="2" conditionals="0" coveredconditionals="0" methods="1" coveredmethods="1"/>
        <line num="14" count="2" type="stmt"/>
        <line num="27" count="1" type="stmt"/>
      </file>
      <file name="shows.component.vue" path="C:\Users\MACHITTA\Desktop\vue-test\src\components\shows.component.vue">
        <metrics statements="3" coveredstatements="3" conditionals="0" coveredconditionals="0" methods="1" coveredmethods="1"/>
        <line num="20" count="1" type="stmt"/>
        <line num="21" count="1" type="stmt"/>
        <line num="28" count="2" type="stmt"/>
      </file>
    </package>
    <package name="mixins">
      <metrics statements="3" coveredstatements="0" conditionals="4" coveredconditionals="0" methods="1" coveredmethods="0"/>
      <file name="image-error-handler.mixin.js" path="C:\Users\MACHITTA\Desktop\vue-test\src\mixins\image-error-handler.mixin.js">
        <metrics statements="3" coveredstatements="0" conditionals="4" coveredconditionals="0" methods="1" coveredmethods="0"/>
        <line num="4" count="0" type="cond" truecount="0" falsecount="4"/>
        <line num="5" count="0" type="stmt"/>
        <line num="7" count="0" type="stmt"/>
      </file>
    </package>
  </project>
</coverage>
