{"C:\\Users\\MACHITTA\\Desktop\\vue-test\\src\\components\\app-header.component.vue": {"path":"C:\\Users\\MACHITTA\\Desktop\\vue-test\\src\\components\\app-header.component.vue","statementMap":{"0":{"start":{"line":11,"column":0},"end":{"line":11,"column":null}},"1":{"start":{"line":23,"column":0},"end":{"line":23,"column":null}},"2":{"start":{"line":24,"column":0},"end":{"line":26,"column":null}},"3":{"start":{"line":25,"column":0},"end":{"line":25,"column":null}}},"fnMap":{"0":{"name":"(anonymous_1)","decl":{"start":{"line":22,"column":0},"end":{"line":22,"column":null}},"loc":{"start":{"line":22,"column":0},"end":{"line":29,"column":null}}}},"branchMap":{"0":{"loc":{"start":{"line":24,"column":0},"end":{"line":26,"column":null}},"type":"if","locations":[{"start":{"line":24,"column":0},"end":{"line":26,"column":null}},{"start":{"line":24,"column":0},"end":{"line":26,"column":null}}]}},"s":{"0":1,"1":2,"2":2,"3":1},"f":{"0":2},"b":{"0":[1,1]}}
,"C:\\Users\\MACHITTA\\Desktop\\vue-test\\src\\components\\search-results.component.vue": {"path":"C:\\Users\\MACHITTA\\Desktop\\vue-test\\src\\components\\search-results.component.vue","statementMap":{"0":{"start":{"line":24,"column":0},"end":{"line":24,"column":null}},"1":{"start":{"line":25,"column":0},"end":{"line":25,"column":null}},"2":{"start":{"line":34,"column":0},"end":{"line":34,"column":null}}},"fnMap":{"0":{"name":"(anonymous_1)","decl":{"start":{"line":32,"column":0},"end":{"line":32,"column":null}},"loc":{"start":{"line":32,"column":0},"end":{"line":35,"column":null}}}},"branchMap":{},"s":{"0":1,"1":1,"2":1},"f":{"0":1},"b":{}}
,"C:\\Users\\MACHITTA\\Desktop\\vue-test\\src\\components\\search.component.vue": {"path":"C:\\Users\\MACHITTA\\Desktop\\vue-test\\src\\components\\search.component.vue","statementMap":{"0":{"start":{"line":12,"column":0},"end":{"line":12,"column":null}},"1":{"start":{"line":24,"column":0},"end":{"line":29,"column":null}},"2":{"start":{"line":25,"column":0},"end":{"line":25,"column":null}},"3":{"start":{"line":26,"column":0},"end":{"line":26,"column":null}},"4":{"start":{"line":28,"column":0},"end":{"line":28,"column":null}}},"fnMap":{"0":{"name":"(anonymous_1)","decl":{"start":{"line":11,"column":0},"end":{"line":11,"column":null}},"loc":{"start":{"line":11,"column":0},"end":{"line":16,"column":null}}},"1":{"name":"(anonymous_2)","decl":{"start":{"line":23,"column":0},"end":{"line":23,"column":null}},"loc":{"start":{"line":23,"column":0},"end":{"line":30,"column":null}}}},"branchMap":{"0":{"loc":{"start":{"line":24,"column":0},"end":{"line":29,"column":null}},"type":"if","locations":[{"start":{"line":24,"column":0},"end":{"line":29,"column":null}},{"start":{"line":24,"column":0},"end":{"line":29,"column":null}}]}},"s":{"0":5,"1":3,"2":1,"3":1,"4":2},"f":{"0":5,"1":3},"b":{"0":[1,2]}}
,"C:\\Users\\MACHITTA\\Desktop\\vue-test\\src\\components\\show-details.component.vue": {"path":"C:\\Users\\MACHITTA\\Desktop\\vue-test\\src\\components\\show-details.component.vue","statementMap":{"0":{"start":{"line":36,"column":0},"end":{"line":36,"column":null}},"1":{"start":{"line":37,"column":0},"end":{"line":37,"column":null}},"2":{"start":{"line":44,"column":0},"end":{"line":44,"column":null}},"3":{"start":{"line":50,"column":0},"end":{"line":50,"column":null}}},"fnMap":{"0":{"name":"(anonymous_1)","decl":{"start":{"line":43,"column":0},"end":{"line":43,"column":null}},"loc":{"start":{"line":43,"column":0},"end":{"line":48,"column":null}}},"1":{"name":"(anonymous_2)","decl":{"start":{"line":49,"column":0},"end":{"line":49,"column":null}},"loc":{"start":{"line":49,"column":0},"end":{"line":51,"column":null}}}},"branchMap":{},"s":{"0":1,"1":1,"2":1,"3":1},"f":{"0":1,"1":1},"b":{}}
,"C:\\Users\\MACHITTA\\Desktop\\vue-test\\src\\components\\show.component.vue": {"path":"C:\\Users\\MACHITTA\\Desktop\\vue-test\\src\\components\\show.component.vue","statementMap":{"0":{"start":{"line":14,"column":0},"end":{"line":14,"column":null}},"1":{"start":{"line":30,"column":0},"end":{"line":30,"column":null}}},"fnMap":{"0":{"name":"(anonymous_1)","decl":{"start":{"line":29,"column":0},"end":{"line":29,"column":null}},"loc":{"start":{"line":29,"column":0},"end":{"line":31,"column":null}}}},"branchMap":{},"s":{"0":3,"1":1},"f":{"0":1},"b":{}}
,"C:\\Users\\MACHITTA\\Desktop\\vue-test\\src\\components\\shows.component.vue": {"path":"C:\\Users\\MACHITTA\\Desktop\\vue-test\\src\\components\\shows.component.vue","statementMap":{"0":{"start":{"line":21,"column":0},"end":{"line":21,"column":null}},"1":{"start":{"line":22,"column":0},"end":{"line":22,"column":null}},"2":{"start":{"line":30,"column":0},"end":{"line":30,"column":null}}},"fnMap":{"0":{"name":"(anonymous_1)","decl":{"start":{"line":28,"column":0},"end":{"line":28,"column":null}},"loc":{"start":{"line":28,"column":0},"end":{"line":31,"column":null}}}},"branchMap":{},"s":{"0":1,"1":1,"2":2},"f":{"0":2},"b":{}}
,"C:\\Users\\MACHITTA\\Desktop\\vue-test\\src\\mixins\\image-error-handler.mixin.js": {"path":"C:\\Users\\MACHITTA\\Desktop\\vue-test\\src\\mixins\\image-error-handler.mixin.js","statementMap":{"0":{"start":{"line":10,"column":12},"end":{"line":14,"column":13}},"1":{"start":{"line":11,"column":16},"end":{"line":11,"column":35}},"2":{"start":{"line":13,"column":16},"end":{"line":13,"column":49}}},"fnMap":{"0":{"name":"(anonymous_0)","decl":{"start":{"line":9,"column":26},"end":{"line":9,"column":27}},"loc":{"start":{"line":9,"column":39},"end":{"line":16,"column":9}},"line":9}},"branchMap":{"0":{"loc":{"start":{"line":10,"column":12},"end":{"line":14,"column":13}},"type":"if","locations":[{"start":{"line":10,"column":12},"end":{"line":14,"column":13}},{"start":{"line":10,"column":12},"end":{"line":14,"column":13}}],"line":10},"1":{"loc":{"start":{"line":10,"column":16},"end":{"line":10,"column":68}},"type":"binary-expr","locations":[{"start":{"line":10,"column":16},"end":{"line":10,"column":30}},{"start":{"line":10,"column":35},"end":{"line":10,"column":68}}],"line":10}},"s":{"0":2,"1":1,"2":1},"f":{"0":2},"b":{"0":[1,1],"1":[2,1]},"_coverageSchema":"43e27e138ebf9cfc5966b082cf9a028302ed4184","hash":"59ec497004183592d33d1594926d3c46604b9890"}
,"C:\\Users\\MACHITTA\\Desktop\\vue-test\\src\\services\\shows.service.js": {"path":"C:\\Users\\MACHITTA\\Desktop\\vue-test\\src\\services\\shows.service.js","statementMap":{"0":{"start":{"line":3,"column":0},"end":{"line":3,"column":50}},"1":{"start":{"line":8,"column":16},"end":{"line":8,"column":24}},"2":{"start":{"line":9,"column":18},"end":{"line":9,"column":36}},"3":{"start":{"line":13,"column":4},"end":{"line":13,"column":39}},"4":{"start":{"line":17,"column":4},"end":{"line":17,"column":61}},"5":{"start":{"line":21,"column":4},"end":{"line":21,"column":52}}},"fnMap":{"0":{"name":"(anonymous_0)","decl":{"start":{"line":12,"column":2},"end":{"line":12,"column":3}},"loc":{"start":{"line":12,"column":16},"end":{"line":14,"column":3}},"line":12},"1":{"name":"(anonymous_1)","decl":{"start":{"line":16,"column":2},"end":{"line":16,"column":3}},"loc":{"start":{"line":16,"column":21},"end":{"line":18,"column":3}},"line":16},"2":{"name":"(anonymous_2)","decl":{"start":{"line":20,"column":2},"end":{"line":20,"column":3}},"loc":{"start":{"line":20,"column":24},"end":{"line":22,"column":3}},"line":20}},"branchMap":{},"s":{"0":2,"1":2,"2":2,"3":2,"4":2,"5":2},"f":{"0":2,"1":2,"2":2},"b":{},"_coverageSchema":"43e27e138ebf9cfc5966b082cf9a028302ed4184","hash":"412cee16f200e778111a91aab4c467c40d8cd6b7"}
,"C:\\Users\\MACHITTA\\Desktop\\vue-test\\src\\store\\actions.js": {"path":"C:\\Users\\MACHITTA\\Desktop\\vue-test\\src\\store\\actions.js","statementMap":{"0":{"start":{"line":5,"column":6},"end":{"line":22,"column":8}},"1":{"start":{"line":7,"column":26},"end":{"line":7,"column":73}},"2":{"start":{"line":8,"column":10},"end":{"line":15,"column":12}},"3":{"start":{"line":9,"column":12},"end":{"line":14,"column":13}},"4":{"start":{"line":10,"column":26},"end":{"line":10,"column":57}},"5":{"start":{"line":11,"column":14},"end":{"line":13,"column":15}},"6":{"start":{"line":12,"column":18},"end":{"line":12,"column":146}},"7":{"start":{"line":16,"column":28},"end":{"line":16,"column":55}},"8":{"start":{"line":16,"column":38},"end":{"line":16,"column":55}},"9":{"start":{"line":17,"column":10},"end":{"line":19,"column":11}},"10":{"start":{"line":18,"column":12},"end":{"line":18,"column":62}},"11":{"start":{"line":20,"column":10},"end":{"line":20,"column":50}},"12":{"start":{"line":27,"column":6},"end":{"line":31,"column":8}},"13":{"start":{"line":28,"column":100},"end":{"line":28,"column":111}},"14":{"start":{"line":29,"column":31},"end":{"line":29,"column":112}},"15":{"start":{"line":30,"column":8},"end":{"line":30,"column":59}},"16":{"start":{"line":35,"column":6},"end":{"line":51,"column":8}},"17":{"start":{"line":37,"column":24},"end":{"line":47,"column":12}},"18":{"start":{"line":38,"column":12},"end":{"line":46,"column":22}},"19":{"start":{"line":49,"column":10},"end":{"line":49,"column":57}},"20":{"start":{"line":55,"column":6},"end":{"line":55,"column":43}}},"fnMap":{"0":{"name":"(anonymous_0)","decl":{"start":{"line":4,"column":17},"end":{"line":4,"column":18}},"loc":{"start":{"line":4,"column":33},"end":{"line":24,"column":5}},"line":4},"1":{"name":"(anonymous_1)","decl":{"start":{"line":6,"column":8},"end":{"line":6,"column":9}},"loc":{"start":{"line":6,"column":18},"end":{"line":21,"column":9}},"line":6},"2":{"name":"(anonymous_2)","decl":{"start":{"line":8,"column":30},"end":{"line":8,"column":31}},"loc":{"start":{"line":8,"column":49},"end":{"line":15,"column":11}},"line":8},"3":{"name":"(anonymous_3)","decl":{"start":{"line":16,"column":28},"end":{"line":16,"column":29}},"loc":{"start":{"line":16,"column":38},"end":{"line":16,"column":55}},"line":16},"4":{"name":"(anonymous_4)","decl":{"start":{"line":26,"column":20},"end":{"line":26,"column":21}},"loc":{"start":{"line":26,"column":44},"end":{"line":32,"column":5}},"line":26},"5":{"name":"(anonymous_5)","decl":{"start":{"line":27,"column":48},"end":{"line":27,"column":49}},"loc":{"start":{"line":27,"column":58},"end":{"line":31,"column":7}},"line":27},"6":{"name":"(anonymous_6)","decl":{"start":{"line":34,"column":17},"end":{"line":34,"column":18}},"loc":{"start":{"line":34,"column":43},"end":{"line":52,"column":5}},"line":34},"7":{"name":"(anonymous_7)","decl":{"start":{"line":36,"column":8},"end":{"line":36,"column":9}},"loc":{"start":{"line":36,"column":18},"end":{"line":50,"column":9}},"line":36},"8":{"name":"(anonymous_8)","decl":{"start":{"line":37,"column":41},"end":{"line":37,"column":42}},"loc":{"start":{"line":37,"column":48},"end":{"line":47,"column":11}},"line":37},"9":{"name":"(anonymous_9)","decl":{"start":{"line":54,"column":18},"end":{"line":54,"column":19}},"loc":{"start":{"line":54,"column":41},"end":{"line":56,"column":5}},"line":54}},"branchMap":{"0":{"loc":{"start":{"line":9,"column":12},"end":{"line":14,"column":13}},"type":"if","locations":[{"start":{"line":9,"column":12},"end":{"line":14,"column":13}},{"start":{"line":9,"column":12},"end":{"line":14,"column":13}}],"line":9},"1":{"loc":{"start":{"line":11,"column":14},"end":{"line":13,"column":15}},"type":"if","locations":[{"start":{"line":11,"column":14},"end":{"line":13,"column":15}},{"start":{"line":11,"column":14},"end":{"line":13,"column":15}}],"line":11},"2":{"loc":{"start":{"line":12,"column":86},"end":{"line":12,"column":113}},"type":"binary-expr","locations":[{"start":{"line":12,"column":86},"end":{"line":12,"column":108}},{"start":{"line":12,"column":112},"end":{"line":12,"column":113}}],"line":12},"3":{"loc":{"start":{"line":12,"column":123},"end":{"line":12,"column":142}},"type":"binary-expr","locations":[{"start":{"line":12,"column":123},"end":{"line":12,"column":136}},{"start":{"line":12,"column":140},"end":{"line":12,"column":142}}],"line":12},"4":{"loc":{"start":{"line":40,"column":29},"end":{"line":40,"column":49}},"type":"binary-expr","locations":[{"start":{"line":40,"column":29},"end":{"line":40,"column":43}},{"start":{"line":40,"column":47},"end":{"line":40,"column":49}}],"line":40},"5":{"loc":{"start":{"line":41,"column":30},"end":{"line":41,"column":58}},"type":"binary-expr","locations":[{"start":{"line":41,"column":30},"end":{"line":41,"column":53}},{"start":{"line":41,"column":57},"end":{"line":41,"column":58}}],"line":41},"6":{"loc":{"start":{"line":42,"column":28},"end":{"line":42,"column":50}},"type":"binary-expr","locations":[{"start":{"line":42,"column":28},"end":{"line":42,"column":44}},{"start":{"line":42,"column":48},"end":{"line":42,"column":50}}],"line":42},"7":{"loc":{"start":{"line":43,"column":28},"end":{"line":43,"column":47}},"type":"binary-expr","locations":[{"start":{"line":43,"column":28},"end":{"line":43,"column":41}},{"start":{"line":43,"column":45},"end":{"line":43,"column":47}}],"line":43},"8":{"loc":{"start":{"line":44,"column":32},"end":{"line":44,"column":55}},"type":"binary-expr","locations":[{"start":{"line":44,"column":32},"end":{"line":44,"column":49}},{"start":{"line":44,"column":53},"end":{"line":44,"column":55}}],"line":44},"9":{"loc":{"start":{"line":45,"column":31},"end":{"line":45,"column":53}},"type":"binary-expr","locations":[{"start":{"line":45,"column":31},"end":{"line":45,"column":47}},{"start":{"line":45,"column":51},"end":{"line":45,"column":53}}],"line":45}},"s":{"0":1,"1":1,"2":1,"3":8,"4":7,"5":7,"6":6,"7":1,"8":3,"9":1,"10":4,"11":1,"12":1,"13":1,"14":1,"15":1,"16":1,"17":1,"18":3,"19":1,"20":1},"f":{"0":1,"1":1,"2":8,"3":3,"4":1,"5":1,"6":1,"7":1,"8":3,"9":1},"b":{"0":[7,1],"1":[6,1],"2":[6,1],"3":[6,1],"4":[3,1],"5":[3,1],"6":[3,3],"7":[3,1],"8":[3,1],"9":[3,1]},"_coverageSchema":"43e27e138ebf9cfc5966b082cf9a028302ed4184","hash":"3bdc23683d95535b99ec41e971c60008037f0550"}
,"C:\\Users\\MACHITTA\\Desktop\\vue-test\\src\\store\\mutations.js": {"path":"C:\\Users\\MACHITTA\\Desktop\\vue-test\\src\\store\\mutations.js","statementMap":{"0":{"start":{"line":10,"column":4},"end":{"line":10,"column":23}},"1":{"start":{"line":19,"column":4},"end":{"line":19,"column":31}},"2":{"start":{"line":28,"column":4},"end":{"line":28,"column":43}},"3":{"start":{"line":37,"column":4},"end":{"line":37,"column":30}}},"fnMap":{"0":{"name":"(anonymous_0)","decl":{"start":{"line":9,"column":16},"end":{"line":9,"column":17}},"loc":{"start":{"line":9,"column":38},"end":{"line":11,"column":3}},"line":9},"1":{"name":"(anonymous_1)","decl":{"start":{"line":18,"column":22},"end":{"line":18,"column":23}},"loc":{"start":{"line":18,"column":47},"end":{"line":20,"column":3}},"line":18},"2":{"name":"(anonymous_2)","decl":{"start":{"line":27,"column":25},"end":{"line":27,"column":26}},"loc":{"start":{"line":27,"column":59},"end":{"line":29,"column":3}},"line":27},"3":{"name":"(anonymous_3)","decl":{"start":{"line":36,"column":17},"end":{"line":36,"column":18}},"loc":{"start":{"line":36,"column":40},"end":{"line":38,"column":3}},"line":36}},"branchMap":{},"s":{"0":1,"1":1,"2":1,"3":1},"f":{"0":1,"1":1,"2":1,"3":1},"b":{},"_coverageSchema":"43e27e138ebf9cfc5966b082cf9a028302ed4184","hash":"8827908c391a3b150094f4acc4d3152c7a338cb0"}
,"C:\\Users\\MACHITTA\\Desktop\\vue-test\\src\\store\\state.js": {"path":"C:\\Users\\MACHITTA\\Desktop\\vue-test\\src\\store\\state.js","statementMap":{},"fnMap":{},"branchMap":{},"s":{},"f":{},"b":{},"_coverageSchema":"43e27e138ebf9cfc5966b082cf9a028302ed4184","hash":"927c64288dfcee9d36454d25f7012176b7cb0957"}
}
