{"C:\\Users\\MACHITTA\\Desktop\\vue-test\\src\\components\\app-header.component.vue": {"path":"C:\\Users\\MACHITTA\\Desktop\\vue-test\\src\\components\\app-header.component.vue","statementMap":{"0":{"start":{"line":11,"column":0},"end":{"line":11,"column":null}},"1":{"start":{"line":23,"column":0},"end":{"line":25,"column":null}},"2":{"start":{"line":24,"column":0},"end":{"line":24,"column":null}},"3":{"start":{"line":26,"column":0},"end":{"line":26,"column":null}}},"fnMap":{"0":{"name":"(anonymous_1)","decl":{"start":{"line":22,"column":0},"end":{"line":22,"column":null}},"loc":{"start":{"line":22,"column":0},"end":{"line":28,"column":null}}}},"branchMap":{"0":{"loc":{"start":{"line":23,"column":0},"end":{"line":25,"column":null}},"type":"if","locations":[{"start":{"line":23,"column":0},"end":{"line":25,"column":null}},{"start":{"line":23,"column":0},"end":{"line":25,"column":null}}]}},"s":{"0":1,"1":2,"2":1,"3":2},"f":{"0":2},"b":{"0":[1,1]}}
,"C:\\Users\\MACHITTA\\Desktop\\vue-test\\src\\components\\search-results.component.vue": {"path":"C:\\Users\\MACHITTA\\Desktop\\vue-test\\src\\components\\search-results.component.vue","statementMap":{"0":{"start":{"line":24,"column":0},"end":{"line":24,"column":null}},"1":{"start":{"line":25,"column":0},"end":{"line":25,"column":null}},"2":{"start":{"line":34,"column":0},"end":{"line":34,"column":null}}},"fnMap":{"0":{"name":"(anonymous_1)","decl":{"start":{"line":32,"column":0},"end":{"line":32,"column":null}},"loc":{"start":{"line":32,"column":0},"end":{"line":35,"column":null}}}},"branchMap":{},"s":{"0":1,"1":1,"2":3},"f":{"0":3},"b":{}}
,"C:\\Users\\MACHITTA\\Desktop\\vue-test\\src\\components\\search.component.vue": {"path":"C:\\Users\\MACHITTA\\Desktop\\vue-test\\src\\components\\search.component.vue","statementMap":{"0":{"start":{"line":12,"column":0},"end":{"line":12,"column":null}},"1":{"start":{"line":24,"column":0},"end":{"line":29,"column":null}},"2":{"start":{"line":25,"column":0},"end":{"line":25,"column":null}},"3":{"start":{"line":26,"column":0},"end":{"line":26,"column":null}},"4":{"start":{"line":28,"column":0},"end":{"line":28,"column":null}}},"fnMap":{"0":{"name":"(anonymous_1)","decl":{"start":{"line":11,"column":0},"end":{"line":11,"column":null}},"loc":{"start":{"line":11,"column":0},"end":{"line":16,"column":null}}},"1":{"name":"(anonymous_2)","decl":{"start":{"line":23,"column":0},"end":{"line":23,"column":null}},"loc":{"start":{"line":23,"column":0},"end":{"line":30,"column":null}}}},"branchMap":{"0":{"loc":{"start":{"line":24,"column":0},"end":{"line":29,"column":null}},"type":"if","locations":[{"start":{"line":24,"column":0},"end":{"line":29,"column":null}},{"start":{"line":24,"column":0},"end":{"line":29,"column":null}}]}},"s":{"0":5,"1":3,"2":1,"3":1,"4":2},"f":{"0":5,"1":3},"b":{"0":[1,2]}}
,"C:\\Users\\MACHITTA\\Desktop\\vue-test\\src\\components\\show-details.component.vue": {"path":"C:\\Users\\MACHITTA\\Desktop\\vue-test\\src\\components\\show-details.component.vue","statementMap":{"0":{"start":{"line":37,"column":0},"end":{"line":37,"column":null}},"1":{"start":{"line":38,"column":0},"end":{"line":38,"column":null}},"2":{"start":{"line":45,"column":0},"end":{"line":45,"column":null}},"3":{"start":{"line":51,"column":0},"end":{"line":51,"column":null}}},"fnMap":{"0":{"name":"(anonymous_1)","decl":{"start":{"line":44,"column":0},"end":{"line":44,"column":null}},"loc":{"start":{"line":44,"column":0},"end":{"line":49,"column":null}}},"1":{"name":"(anonymous_2)","decl":{"start":{"line":50,"column":0},"end":{"line":50,"column":null}},"loc":{"start":{"line":50,"column":0},"end":{"line":52,"column":null}}}},"branchMap":{},"s":{"0":1,"1":1,"2":1,"3":1},"f":{"0":1,"1":1},"b":{}}
,"C:\\Users\\MACHITTA\\Desktop\\vue-test\\src\\components\\show.component.vue": {"path":"C:\\Users\\MACHITTA\\Desktop\\vue-test\\src\\components\\show.component.vue","statementMap":{"0":{"start":{"line":14,"column":0},"end":{"line":14,"column":null}},"1":{"start":{"line":30,"column":0},"end":{"line":30,"column":null}}},"fnMap":{"0":{"name":"(anonymous_1)","decl":{"start":{"line":29,"column":0},"end":{"line":29,"column":null}},"loc":{"start":{"line":29,"column":0},"end":{"line":31,"column":null}}}},"branchMap":{},"s":{"0":3,"1":1},"f":{"0":1},"b":{}}
,"C:\\Users\\MACHITTA\\Desktop\\vue-test\\src\\components\\shows.component.vue": {"path":"C:\\Users\\MACHITTA\\Desktop\\vue-test\\src\\components\\shows.component.vue","statementMap":{"0":{"start":{"line":22,"column":0},"end":{"line":22,"column":null}},"1":{"start":{"line":23,"column":0},"end":{"line":23,"column":null}},"2":{"start":{"line":31,"column":0},"end":{"line":31,"column":null}}},"fnMap":{"0":{"name":"(anonymous_1)","decl":{"start":{"line":29,"column":0},"end":{"line":29,"column":null}},"loc":{"start":{"line":29,"column":0},"end":{"line":32,"column":null}}}},"branchMap":{},"s":{"0":1,"1":1,"2":2},"f":{"0":2},"b":{}}
,"C:\\Users\\MACHITTA\\Desktop\\vue-test\\src\\mixins\\image-error-handler.mixin.js": {"path":"C:\\Users\\MACHITTA\\Desktop\\vue-test\\src\\mixins\\image-error-handler.mixin.js","statementMap":{"0":{"start":{"line":10,"column":12},"end":{"line":14,"column":13}},"1":{"start":{"line":11,"column":16},"end":{"line":11,"column":35}},"2":{"start":{"line":13,"column":16},"end":{"line":13,"column":49}}},"fnMap":{"0":{"name":"(anonymous_0)","decl":{"start":{"line":9,"column":26},"end":{"line":9,"column":27}},"loc":{"start":{"line":9,"column":39},"end":{"line":16,"column":9}},"line":9}},"branchMap":{"0":{"loc":{"start":{"line":10,"column":12},"end":{"line":14,"column":13}},"type":"if","locations":[{"start":{"line":10,"column":12},"end":{"line":14,"column":13}},{"start":{"line":10,"column":12},"end":{"line":14,"column":13}}],"line":10},"1":{"loc":{"start":{"line":10,"column":16},"end":{"line":10,"column":68}},"type":"binary-expr","locations":[{"start":{"line":10,"column":16},"end":{"line":10,"column":30}},{"start":{"line":10,"column":35},"end":{"line":10,"column":68}}],"line":10}},"s":{"0":2,"1":1,"2":1},"f":{"0":2},"b":{"0":[1,1],"1":[2,1]},"_coverageSchema":"43e27e138ebf9cfc5966b082cf9a028302ed4184","hash":"59ec497004183592d33d1594926d3c46604b9890"}
,"C:\\Users\\MACHITTA\\Desktop\\vue-test\\src\\services\\shows.service.js": {"path":"C:\\Users\\MACHITTA\\Desktop\\vue-test\\src\\services\\shows.service.js","statementMap":{"0":{"start":{"line":3,"column":0},"end":{"line":3,"column":50}},"1":{"start":{"line":8,"column":16},"end":{"line":8,"column":24}},"2":{"start":{"line":9,"column":18},"end":{"line":9,"column":36}},"3":{"start":{"line":13,"column":4},"end":{"line":13,"column":39}},"4":{"start":{"line":17,"column":4},"end":{"line":17,"column":61}},"5":{"start":{"line":21,"column":4},"end":{"line":21,"column":52}}},"fnMap":{"0":{"name":"(anonymous_0)","decl":{"start":{"line":12,"column":2},"end":{"line":12,"column":3}},"loc":{"start":{"line":12,"column":16},"end":{"line":14,"column":3}},"line":12},"1":{"name":"(anonymous_1)","decl":{"start":{"line":16,"column":2},"end":{"line":16,"column":3}},"loc":{"start":{"line":16,"column":21},"end":{"line":18,"column":3}},"line":16},"2":{"name":"(anonymous_2)","decl":{"start":{"line":20,"column":2},"end":{"line":20,"column":3}},"loc":{"start":{"line":20,"column":33},"end":{"line":22,"column":3}},"line":20}},"branchMap":{},"s":{"0":2,"1":2,"2":2,"3":2,"4":2,"5":2},"f":{"0":2,"1":2,"2":2},"b":{},"_coverageSchema":"43e27e138ebf9cfc5966b082cf9a028302ed4184","hash":"7f833498fe312d73955f141363714d580da014c1"}
,"C:\\Users\\MACHITTA\\Desktop\\vue-test\\src\\store\\actions.js": {"path":"C:\\Users\\MACHITTA\\Desktop\\vue-test\\src\\store\\actions.js","statementMap":{"0":{"start":{"line":3,"column":6},"end":{"line":3,"column":34}},"1":{"start":{"line":7,"column":6},"end":{"line":7,"column":47}},"2":{"start":{"line":11,"column":6},"end":{"line":11,"column":55}}},"fnMap":{"0":{"name":"(anonymous_0)","decl":{"start":{"line":2,"column":19},"end":{"line":2,"column":20}},"loc":{"start":{"line":2,"column":35},"end":{"line":4,"column":5}},"line":2},"1":{"name":"(anonymous_1)","decl":{"start":{"line":6,"column":22},"end":{"line":6,"column":23}},"loc":{"start":{"line":6,"column":46},"end":{"line":8,"column":5}},"line":6},"2":{"name":"(anonymous_2)","decl":{"start":{"line":10,"column":30},"end":{"line":10,"column":31}},"loc":{"start":{"line":10,"column":56},"end":{"line":12,"column":5}},"line":10}},"branchMap":{},"s":{"0":1,"1":1,"2":1},"f":{"0":1,"1":1,"2":1},"b":{},"_coverageSchema":"43e27e138ebf9cfc5966b082cf9a028302ed4184","hash":"fe204d702f62b3cd9cbdc4fdf13757714ba42b6a"}
,"C:\\Users\\MACHITTA\\Desktop\\vue-test\\src\\store\\mutations.js": {"path":"C:\\Users\\MACHITTA\\Desktop\\vue-test\\src\\store\\mutations.js","statementMap":{"0":{"start":{"line":10,"column":4},"end":{"line":28,"column":6}},"1":{"start":{"line":12,"column":24},"end":{"line":12,"column":71}},"2":{"start":{"line":13,"column":8},"end":{"line":20,"column":10}},"3":{"start":{"line":14,"column":10},"end":{"line":19,"column":11}},"4":{"start":{"line":15,"column":24},"end":{"line":15,"column":55}},"5":{"start":{"line":16,"column":12},"end":{"line":18,"column":13}},"6":{"start":{"line":17,"column":16},"end":{"line":17,"column":145}},"7":{"start":{"line":21,"column":26},"end":{"line":21,"column":53}},"8":{"start":{"line":21,"column":36},"end":{"line":21,"column":53}},"9":{"start":{"line":22,"column":8},"end":{"line":22,"column":69}},"10":{"start":{"line":23,"column":8},"end":{"line":23,"column":71}},"11":{"start":{"line":24,"column":8},"end":{"line":24,"column":71}},"12":{"start":{"line":25,"column":8},"end":{"line":25,"column":71}},"13":{"start":{"line":26,"column":8},"end":{"line":26,"column":32}},"14":{"start":{"line":37,"column":4},"end":{"line":37,"column":28}},"15":{"start":{"line":38,"column":4},"end":{"line":42,"column":6}},"16":{"start":{"line":39,"column":98},"end":{"line":39,"column":109}},"17":{"start":{"line":40,"column":29},"end":{"line":40,"column":110}},"18":{"start":{"line":41,"column":6},"end":{"line":41,"column":40}},"19":{"start":{"line":51,"column":4},"end":{"line":68,"column":6}},"20":{"start":{"line":54,"column":22},"end":{"line":64,"column":10}},"21":{"start":{"line":55,"column":10},"end":{"line":63,"column":20}},"22":{"start":{"line":66,"column":8},"end":{"line":66,"column":38}}},"fnMap":{"0":{"name":"(anonymous_0)","decl":{"start":{"line":9,"column":15},"end":{"line":9,"column":16}},"loc":{"start":{"line":9,"column":31},"end":{"line":29,"column":3}},"line":9},"1":{"name":"(anonymous_1)","decl":{"start":{"line":11,"column":6},"end":{"line":11,"column":7}},"loc":{"start":{"line":11,"column":16},"end":{"line":27,"column":7}},"line":11},"2":{"name":"(anonymous_2)","decl":{"start":{"line":13,"column":28},"end":{"line":13,"column":29}},"loc":{"start":{"line":13,"column":47},"end":{"line":20,"column":9}},"line":13},"3":{"name":"(anonymous_3)","decl":{"start":{"line":21,"column":26},"end":{"line":21,"column":27}},"loc":{"start":{"line":21,"column":36},"end":{"line":21,"column":53}},"line":21},"4":{"name":"(anonymous_4)","decl":{"start":{"line":36,"column":20},"end":{"line":36,"column":21}},"loc":{"start":{"line":36,"column":44},"end":{"line":43,"column":3}},"line":36},"5":{"name":"(anonymous_5)","decl":{"start":{"line":38,"column":46},"end":{"line":38,"column":47}},"loc":{"start":{"line":38,"column":56},"end":{"line":42,"column":5}},"line":38},"6":{"name":"(anonymous_6)","decl":{"start":{"line":50,"column":26},"end":{"line":50,"column":27}},"loc":{"start":{"line":50,"column":52},"end":{"line":69,"column":3}},"line":50},"7":{"name":"(anonymous_7)","decl":{"start":{"line":52,"column":6},"end":{"line":52,"column":7}},"loc":{"start":{"line":52,"column":16},"end":{"line":67,"column":7}},"line":52},"8":{"name":"(anonymous_8)","decl":{"start":{"line":54,"column":39},"end":{"line":54,"column":40}},"loc":{"start":{"line":54,"column":46},"end":{"line":64,"column":9}},"line":54}},"branchMap":{"0":{"loc":{"start":{"line":14,"column":10},"end":{"line":19,"column":11}},"type":"if","locations":[{"start":{"line":14,"column":10},"end":{"line":19,"column":11}},{"start":{"line":14,"column":10},"end":{"line":19,"column":11}}],"line":14},"1":{"loc":{"start":{"line":16,"column":12},"end":{"line":18,"column":13}},"type":"if","locations":[{"start":{"line":16,"column":12},"end":{"line":18,"column":13}},{"start":{"line":16,"column":12},"end":{"line":18,"column":13}}],"line":16},"2":{"loc":{"start":{"line":17,"column":84},"end":{"line":17,"column":112}},"type":"binary-expr","locations":[{"start":{"line":17,"column":84},"end":{"line":17,"column":106}},{"start":{"line":17,"column":110},"end":{"line":17,"column":112}}],"line":17},"3":{"loc":{"start":{"line":17,"column":122},"end":{"line":17,"column":141}},"type":"binary-expr","locations":[{"start":{"line":17,"column":122},"end":{"line":17,"column":135}},{"start":{"line":17,"column":139},"end":{"line":17,"column":141}}],"line":17},"4":{"loc":{"start":{"line":57,"column":27},"end":{"line":57,"column":47}},"type":"binary-expr","locations":[{"start":{"line":57,"column":27},"end":{"line":57,"column":41}},{"start":{"line":57,"column":45},"end":{"line":57,"column":47}}],"line":57},"5":{"loc":{"start":{"line":58,"column":28},"end":{"line":58,"column":56}},"type":"binary-expr","locations":[{"start":{"line":58,"column":28},"end":{"line":58,"column":51}},{"start":{"line":58,"column":55},"end":{"line":58,"column":56}}],"line":58},"6":{"loc":{"start":{"line":59,"column":26},"end":{"line":59,"column":48}},"type":"binary-expr","locations":[{"start":{"line":59,"column":26},"end":{"line":59,"column":42}},{"start":{"line":59,"column":46},"end":{"line":59,"column":48}}],"line":59},"7":{"loc":{"start":{"line":60,"column":26},"end":{"line":60,"column":45}},"type":"binary-expr","locations":[{"start":{"line":60,"column":26},"end":{"line":60,"column":39}},{"start":{"line":60,"column":43},"end":{"line":60,"column":45}}],"line":60},"8":{"loc":{"start":{"line":61,"column":30},"end":{"line":61,"column":53}},"type":"binary-expr","locations":[{"start":{"line":61,"column":30},"end":{"line":61,"column":47}},{"start":{"line":61,"column":51},"end":{"line":61,"column":53}}],"line":61},"9":{"loc":{"start":{"line":62,"column":29},"end":{"line":62,"column":51}},"type":"binary-expr","locations":[{"start":{"line":62,"column":29},"end":{"line":62,"column":45}},{"start":{"line":62,"column":49},"end":{"line":62,"column":51}}],"line":62}},"s":{"0":1,"1":1,"2":1,"3":8,"4":7,"5":7,"6":6,"7":1,"8":3,"9":1,"10":1,"11":1,"12":1,"13":1,"14":1,"15":1,"16":1,"17":1,"18":1,"19":1,"20":1,"21":3,"22":1},"f":{"0":1,"1":1,"2":8,"3":3,"4":1,"5":1,"6":1,"7":1,"8":3},"b":{"0":[7,1],"1":[6,1],"2":[6,1],"3":[6,1],"4":[3,1],"5":[3,1],"6":[3,3],"7":[3,1],"8":[3,1],"9":[3,1]},"_coverageSchema":"43e27e138ebf9cfc5966b082cf9a028302ed4184","hash":"99ea038f3a1dd42b4d879a784145309cb606dbfe"}
,"C:\\Users\\MACHITTA\\Desktop\\vue-test\\src\\store\\state.js": {"path":"C:\\Users\\MACHITTA\\Desktop\\vue-test\\src\\store\\state.js","statementMap":{},"fnMap":{},"branchMap":{},"s":{},"f":{},"b":{},"_coverageSchema":"43e27e138ebf9cfc5966b082cf9a028302ed4184","hash":"927c64288dfcee9d36454d25f7012176b7cb0957"}
}
