TN:
SF:C:\Users\MACHITTA\Desktop\vue-test\src\components\app-header.component.vue
FN:16,(anonymous_1)
FNF:1
FNH:1
FNDA:1,(anonymous_1)
DA:11,1
DA:17,1
DA:18,1
LF:3
LH:3
BRF:0
BRH:0
end_of_record
TN:
SF:C:\Users\MACHITTA\Desktop\vue-test\src\components\search.component.vue
FN:11,(anonymous_1)
FN:18,(anonymous_2)
FNF:2
FNH:2
FNDA:3,(anonymous_1)
FNDA:2,(anonymous_2)
DA:12,3
DA:19,2
DA:20,1
DA:21,1
DA:23,1
LF:5
LH:5
BRDA:19,0,0,1
BRDA:19,0,1,1
BRF:2
BRH:2
end_of_record
TN:
SF:C:\Users\MACHITTA\Desktop\vue-test\src\components\show-details.component.vue
FN:43,(anonymous_1)
FN:48,(anonymous_2)
FNF:2
FNH:2
FNDA:2,(anonymous_1)
FNDA:2,(anonymous_2)
DA:36,1
DA:37,1
DA:44,2
DA:49,2
LF:4
LH:4
BRF:0
BRH:0
end_of_record
TN:
SF:C:\Users\MACHITTA\Desktop\vue-test\src\components\show.component.vue
FN:26,(anonymous_1)
FNF:1
FNH:1
FNDA:1,(anonymous_1)
DA:14,2
DA:27,1
LF:2
LH:2
BRF:0
BRH:0
end_of_record
TN:
SF:C:\Users\MACHITTA\Desktop\vue-test\src\components\shows.component.vue
FN:27,(anonymous_1)
FNF:1
FNH:1
FNDA:2,(anonymous_1)
DA:20,1
DA:21,1
DA:28,2
LF:3
LH:3
BRF:0
BRH:0
end_of_record
TN:
SF:C:\Users\MACHITTA\Desktop\vue-test\src\mixins\image-error-handler.mixin.js
FN:3,(anonymous_0)
FNF:1
FNH:0
FNDA:0,(anonymous_0)
DA:4,0
DA:5,0
DA:7,0
LF:3
LH:0
BRDA:4,0,0,0
BRDA:4,0,1,0
BRDA:4,1,0,0
BRDA:4,1,1,0
BRF:4
BRH:0
end_of_record
