TN:
SF:C:\Users\MACHITTA\Desktop\vue-test\src\components\app-header.component.vue
FN:16,(anonymous_1)
FN:21,(anonymous_2)
FNF:2
FNH:2
FNDA:2,(anonymous_1)
FNDA:1,(anonymous_2)
DA:11,1
DA:17,2
DA:22,1
LF:3
LH:3
BRDA:17,0,0,1
BRDA:17,0,1,1
BRF:2
BRH:2
end_of_record
TN:
SF:C:\Users\MACHITTA\Desktop\vue-test\src\components\search.component.vue
FN:10,(anonymous_1)
FN:16,(anonymous_2)
FNF:2
FNH:2
FNDA:3,(anonymous_1)
FNDA:2,(anonymous_2)
DA:11,3
DA:17,2
DA:18,1
LF:3
LH:3
BRDA:17,0,0,1
BRDA:17,0,1,1
BRF:2
BRH:2
end_of_record
TN:
SF:C:\Users\MACHITTA\Desktop\vue-test\src\components\show-details.component.vue
FN:38,(anonymous_1)
FNF:1
FNH:1
FNDA:2,(anonymous_1)
DA:33,1
DA:39,2
DA:41,2
DA:42,1
DA:44,2
LF:5
LH:5
BRDA:41,0,0,1
BRDA:41,0,1,1
BRF:2
BRH:2
end_of_record
TN:
SF:C:\Users\MACHITTA\Desktop\vue-test\src\components\show.component.vue
FN:18,(anonymous_1)
FNF:1
FNH:1
FNDA:1,(anonymous_1)
DA:19,1
LF:1
LH:1
BRF:0
BRH:0
end_of_record
TN:
SF:C:\Users\MACHITTA\Desktop\vue-test\src\components\shows.component.vue
FN:21,(anonymous_1)
FNF:1
FNH:1
FNDA:2,(anonymous_1)
DA:14,1
DA:15,1
DA:22,2
LF:3
LH:3
BRF:0
BRH:0
end_of_record
